INFO: COMMAND: train.py --data data/en-fr/prepared_2 --source-lang fr --target-lang en --log-file assignments/03/preprocess_a/exp.log --save-dir assignments/03/preprocess_a/checkpoints
INFO: Arguments: {'cuda': False, 'data': 'data/en-fr/prepared_2', 'source_lang': 'fr', 'target_lang': 'en', 'max_tokens': None, 'batch_size': 1, 'train_on_tiny': False, 'arch': 'lstm', 'max_epoch': 10000, 'clip_norm': 4.0, 'lr': 0.0003, 'patience': 3, 'log_file': 'assignments/03/preprocess_a/exp.log', 'save_dir': 'assignments/03/preprocess_a/checkpoints', 'restore_file': 'checkpoint_last.pt', 'save_interval': 1, 'no_save': False, 'epoch_checkpoints': False, 'encoder_embed_dim': 64, 'encoder_embed_path': None, 'encoder_hidden_size': 64, 'encoder_num_layers': 1, 'encoder_bidirectional': 'True', 'encoder_dropout_in': 0.25, 'encoder_dropout_out': 0.25, 'decoder_embed_dim': 64, 'decoder_embed_path': None, 'decoder_hidden_size': 128, 'decoder_num_layers': 1, 'decoder_dropout_in': 0.25, 'decoder_dropout_out': 0.25, 'decoder_use_attention': 'True', 'decoder_use_lexical_model': 'False', 'device_id': 0}
INFO: Loaded a source dictionary (fr) with 1472 words
INFO: Loaded a target dictionary (en) with 1337 words
INFO: Built a model with 632825 parameters
INFO: Epoch 000: loss 3.921 | lr 0.0003 | num_tokens 9.1 | batch_size 1 | grad_norm 30.54 | clip 0.9984
INFO: Epoch 000: valid_loss 4.47 | num_tokens 9.14 | batch_size 500 | valid_perplexity 87
INFO: Epoch 001: loss 3.316 | lr 0.0003 | num_tokens 9.1 | batch_size 1 | grad_norm 35.42 | clip 1
INFO: Epoch 001: valid_loss 4.42 | num_tokens 9.14 | batch_size 500 | valid_perplexity 83.4
INFO: Epoch 002: loss 2.996 | lr 0.0003 | num_tokens 9.1 | batch_size 1 | grad_norm 38.66 | clip 1
INFO: Epoch 002: valid_loss 4.04 | num_tokens 9.14 | batch_size 500 | valid_perplexity 56.7
INFO: Epoch 003: loss 2.811 | lr 0.0003 | num_tokens 9.1 | batch_size 1 | grad_norm 40.39 | clip 0.9999
INFO: Epoch 003: valid_loss 3.91 | num_tokens 9.14 | batch_size 500 | valid_perplexity 50.1
INFO: Epoch 004: loss 2.663 | lr 0.0003 | num_tokens 9.1 | batch_size 1 | grad_norm 42.48 | clip 0.9999
INFO: Epoch 004: valid_loss 3.78 | num_tokens 9.14 | batch_size 500 | valid_perplexity 43.6
INFO: Epoch 005: loss 2.551 | lr 0.0003 | num_tokens 9.1 | batch_size 1 | grad_norm 44.05 | clip 0.9999
INFO: Epoch 005: valid_loss 3.51 | num_tokens 9.14 | batch_size 500 | valid_perplexity 33.3
INFO: Epoch 006: loss 2.446 | lr 0.0003 | num_tokens 9.1 | batch_size 1 | grad_norm 45.49 | clip 0.9997
INFO: Epoch 006: valid_loss 3.37 | num_tokens 9.14 | batch_size 500 | valid_perplexity 29.1
INFO: Epoch 007: loss 2.354 | lr 0.0003 | num_tokens 9.1 | batch_size 1 | grad_norm 46.23 | clip 0.9995
INFO: Epoch 007: valid_loss 3.22 | num_tokens 9.14 | batch_size 500 | valid_perplexity 25.1
INFO: Epoch 008: loss 2.278 | lr 0.0003 | num_tokens 9.1 | batch_size 1 | grad_norm 46.96 | clip 0.999
INFO: Epoch 008: valid_loss 3.18 | num_tokens 9.14 | batch_size 500 | valid_perplexity 24.1
INFO: Epoch 009: loss 2.215 | lr 0.0003 | num_tokens 9.1 | batch_size 1 | grad_norm 47.89 | clip 0.999
INFO: Epoch 009: valid_loss 3.03 | num_tokens 9.14 | batch_size 500 | valid_perplexity 20.7
INFO: Epoch 010: loss 2.152 | lr 0.0003 | num_tokens 9.1 | batch_size 1 | grad_norm 48.23 | clip 0.9991
INFO: Epoch 010: valid_loss 2.95 | num_tokens 9.14 | batch_size 500 | valid_perplexity 19.1
INFO: Epoch 011: loss 2.094 | lr 0.0003 | num_tokens 9.1 | batch_size 1 | grad_norm 48.95 | clip 0.9993
INFO: Epoch 011: valid_loss 2.94 | num_tokens 9.14 | batch_size 500 | valid_perplexity 19
INFO: Epoch 012: loss 2.051 | lr 0.0003 | num_tokens 9.1 | batch_size 1 | grad_norm 49.02 | clip 0.9982
INFO: Epoch 012: valid_loss 2.8 | num_tokens 9.14 | batch_size 500 | valid_perplexity 16.4
INFO: Epoch 013: loss 2.002 | lr 0.0003 | num_tokens 9.1 | batch_size 1 | grad_norm 49.56 | clip 0.9987
INFO: Epoch 013: valid_loss 2.81 | num_tokens 9.14 | batch_size 500 | valid_perplexity 16.6
INFO: Epoch 014: loss 1.963 | lr 0.0003 | num_tokens 9.1 | batch_size 1 | grad_norm 49.73 | clip 0.9986
INFO: Epoch 014: valid_loss 2.74 | num_tokens 9.14 | batch_size 500 | valid_perplexity 15.4
INFO: Epoch 015: loss 1.931 | lr 0.0003 | num_tokens 9.1 | batch_size 1 | grad_norm 50.15 | clip 0.998
INFO: Epoch 015: valid_loss 2.74 | num_tokens 9.14 | batch_size 500 | valid_perplexity 15.4
INFO: Epoch 016: loss 1.903 | lr 0.0003 | num_tokens 9.1 | batch_size 1 | grad_norm 49.92 | clip 0.9978
INFO: Epoch 016: valid_loss 2.65 | num_tokens 9.14 | batch_size 500 | valid_perplexity 14.1
INFO: Epoch 017: loss 1.868 | lr 0.0003 | num_tokens 9.1 | batch_size 1 | grad_norm 50.23 | clip 0.9971
INFO: Epoch 017: valid_loss 2.55 | num_tokens 9.14 | batch_size 500 | valid_perplexity 12.8
INFO: Epoch 018: loss 1.836 | lr 0.0003 | num_tokens 9.1 | batch_size 1 | grad_norm 50.53 | clip 0.9969
INFO: Epoch 018: valid_loss 2.57 | num_tokens 9.14 | batch_size 500 | valid_perplexity 13
INFO: Epoch 019: loss 1.809 | lr 0.0003 | num_tokens 9.1 | batch_size 1 | grad_norm 50.31 | clip 0.9973
INFO: Epoch 019: valid_loss 2.56 | num_tokens 9.14 | batch_size 500 | valid_perplexity 12.9
INFO: Epoch 020: loss 1.793 | lr 0.0003 | num_tokens 9.1 | batch_size 1 | grad_norm 50.34 | clip 0.9973
INFO: Epoch 020: valid_loss 2.48 | num_tokens 9.14 | batch_size 500 | valid_perplexity 11.9
INFO: Epoch 021: loss 1.767 | lr 0.0003 | num_tokens 9.1 | batch_size 1 | grad_norm 50.84 | clip 0.9958
INFO: Epoch 021: valid_loss 2.5 | num_tokens 9.14 | batch_size 500 | valid_perplexity 12.2
INFO: Epoch 022: loss 1.744 | lr 0.0003 | num_tokens 9.1 | batch_size 1 | grad_norm 50.52 | clip 0.9967
INFO: Epoch 022: valid_loss 2.44 | num_tokens 9.14 | batch_size 500 | valid_perplexity 11.5
INFO: Epoch 023: loss 1.728 | lr 0.0003 | num_tokens 9.1 | batch_size 1 | grad_norm 50.59 | clip 0.9958
INFO: Epoch 023: valid_loss 2.41 | num_tokens 9.14 | batch_size 500 | valid_perplexity 11.2
INFO: Epoch 024: loss 1.708 | lr 0.0003 | num_tokens 9.1 | batch_size 1 | grad_norm 50.82 | clip 0.9961
INFO: Epoch 024: valid_loss 2.37 | num_tokens 9.14 | batch_size 500 | valid_perplexity 10.7
INFO: Epoch 025: loss 1.688 | lr 0.0003 | num_tokens 9.1 | batch_size 1 | grad_norm 50.88 | clip 0.9955
INFO: Epoch 025: valid_loss 2.32 | num_tokens 9.14 | batch_size 500 | valid_perplexity 10.2
INFO: Epoch 026: loss 1.671 | lr 0.0003 | num_tokens 9.1 | batch_size 1 | grad_norm 50.78 | clip 0.9956
INFO: Epoch 026: valid_loss 2.38 | num_tokens 9.14 | batch_size 500 | valid_perplexity 10.9
INFO: Epoch 027: loss 1.655 | lr 0.0003 | num_tokens 9.1 | batch_size 1 | grad_norm 50.47 | clip 0.9956
INFO: Epoch 027: valid_loss 2.33 | num_tokens 9.14 | batch_size 500 | valid_perplexity 10.3
INFO: Epoch 028: loss 1.644 | lr 0.0003 | num_tokens 9.1 | batch_size 1 | grad_norm 51.01 | clip 0.9941
INFO: Epoch 028: valid_loss 2.3 | num_tokens 9.14 | batch_size 500 | valid_perplexity 9.97
INFO: Epoch 029: loss 1.621 | lr 0.0003 | num_tokens 9.1 | batch_size 1 | grad_norm 50.32 | clip 0.9938
INFO: Epoch 029: valid_loss 2.31 | num_tokens 9.14 | batch_size 500 | valid_perplexity 10.1
INFO: Epoch 030: loss 1.618 | lr 0.0003 | num_tokens 9.1 | batch_size 1 | grad_norm 50.81 | clip 0.9939
INFO: Epoch 030: valid_loss 2.3 | num_tokens 9.14 | batch_size 500 | valid_perplexity 10
INFO: Epoch 031: loss 1.598 | lr 0.0003 | num_tokens 9.1 | batch_size 1 | grad_norm 50.53 | clip 0.9935
INFO: Epoch 031: valid_loss 2.29 | num_tokens 9.14 | batch_size 500 | valid_perplexity 9.83
INFO: Epoch 032: loss 1.585 | lr 0.0003 | num_tokens 9.1 | batch_size 1 | grad_norm 50.44 | clip 0.9932
INFO: Epoch 032: valid_loss 2.25 | num_tokens 9.14 | batch_size 500 | valid_perplexity 9.51
INFO: Epoch 033: loss 1.569 | lr 0.0003 | num_tokens 9.1 | batch_size 1 | grad_norm 50.16 | clip 0.9932
INFO: Epoch 033: valid_loss 2.27 | num_tokens 9.14 | batch_size 500 | valid_perplexity 9.64
INFO: Epoch 034: loss 1.561 | lr 0.0003 | num_tokens 9.1 | batch_size 1 | grad_norm 50.66 | clip 0.9922
INFO: Epoch 034: valid_loss 2.23 | num_tokens 9.14 | batch_size 500 | valid_perplexity 9.31
INFO: Epoch 035: loss 1.542 | lr 0.0003 | num_tokens 9.1 | batch_size 1 | grad_norm 50.74 | clip 0.9914
INFO: Epoch 035: valid_loss 2.21 | num_tokens 9.14 | batch_size 500 | valid_perplexity 9.08
INFO: Epoch 036: loss 1.533 | lr 0.0003 | num_tokens 9.1 | batch_size 1 | grad_norm 50.18 | clip 0.9925
INFO: Epoch 036: valid_loss 2.24 | num_tokens 9.14 | batch_size 500 | valid_perplexity 9.35
INFO: Epoch 037: loss 1.524 | lr 0.0003 | num_tokens 9.1 | batch_size 1 | grad_norm 49.93 | clip 0.993
INFO: Epoch 037: valid_loss 2.16 | num_tokens 9.14 | batch_size 500 | valid_perplexity 8.67
INFO: Epoch 038: loss 1.518 | lr 0.0003 | num_tokens 9.1 | batch_size 1 | grad_norm 50.13 | clip 0.9924
INFO: Epoch 038: valid_loss 2.19 | num_tokens 9.14 | batch_size 500 | valid_perplexity 8.9
INFO: Epoch 039: loss 1.504 | lr 0.0003 | num_tokens 9.1 | batch_size 1 | grad_norm 50.64 | clip 0.9915
INFO: Epoch 039: valid_loss 2.12 | num_tokens 9.14 | batch_size 500 | valid_perplexity 8.36
INFO: Epoch 040: loss 1.489 | lr 0.0003 | num_tokens 9.1 | batch_size 1 | grad_norm 50.65 | clip 0.9916
INFO: Epoch 040: valid_loss 2.19 | num_tokens 9.14 | batch_size 500 | valid_perplexity 8.96
INFO: Epoch 041: loss 1.484 | lr 0.0003 | num_tokens 9.1 | batch_size 1 | grad_norm 50.5 | clip 0.9918
INFO: Epoch 041: valid_loss 2.14 | num_tokens 9.14 | batch_size 500 | valid_perplexity 8.52
INFO: Epoch 042: loss 1.48 | lr 0.0003 | num_tokens 9.1 | batch_size 1 | grad_norm 50.48 | clip 0.9919
INFO: Epoch 042: valid_loss 2.17 | num_tokens 9.14 | batch_size 500 | valid_perplexity 8.8
INFO: No validation set improvements observed for 3 epochs. Early stop!
